This file contains any messages produced by compilers while
running configure, to aid debugging if configure makes a mistake.

It was created by dfu-util configure 0.9, which was
generated by GNU Autoconf 2.69.  Invocation command line was

  $ ./configure 

## --------- ##
## Platform. ##
## --------- ##

hostname = ares
uname -m = x86_64
uname -r = 4.4.0-81-generic
uname -s = Linux
uname -v = #104-Ubuntu SMP Wed Jun 14 08:17:06 UTC 2017

/usr/bin/uname -p = unknown
/bin/uname -X     = unknown

/bin/arch              = unknown
/usr/bin/arch -k       = unknown
/usr/convex/getsysinfo = unknown
/usr/bin/hostinfo      = unknown
/bin/machine           = unknown
/usr/bin/oslevel       = unknown
/bin/universe          = unknown

PATH: /home/fuguru/.rbenv/shims
PATH: /home/fuguru/.rbenv/bin
PATH: /home/fuguru/bin
PATH: /usr/local/sbin
PATH: /usr/local/bin
PATH: /usr/sbin
PATH: /usr/bin
PATH: /sbin
PATH: /bin
PATH: /usr/games
PATH: /usr/local/games
PATH: /snap/bin


## ----------- ##
## Core tests. ##
## ----------- ##

configure:2320: checking for a BSD-compatible install
configure:2388: result: /usr/bin/install -c
configure:2399: checking whether build environment is sane
configure:2454: result: yes
configure:2605: checking for a thread-safe mkdir -p
configure:2644: result: /bin/mkdir -p
configure:2651: checking for gawk
configure:2681: result: no
configure:2651: checking for mawk
configure:2667: found /usr/bin/mawk
configure:2678: result: mawk
configure:2689: checking whether make sets $(MAKE)
configure:2711: result: yes
configure:2740: checking whether make supports nested variables
configure:2757: result: yes
configure:2898: checking whether make supports nested variables
configure:2915: result: yes
configure:2986: checking for g++
configure:3002: found /usr/bin/g++
configure:3013: result: g++
configure:3040: checking for C++ compiler version
configure:3049: g++ --version >&5
g++ (Ubuntu 5.4.0-6ubuntu1~16.04.4) 5.4.0 20160609
Copyright (C) 2015 Free Software Foundation, Inc.
This is free software; see the source for copying conditions.  There is NO
warranty; not even for MERCHANTABILITY or FITNESS FOR A PARTICULAR PURPOSE.

configure:3060: $? = 0
configure:3049: g++ -v >&5
Using built-in specs.
COLLECT_GCC=g++
COLLECT_LTO_WRAPPER=/usr/lib/gcc/x86_64-linux-gnu/5/lto-wrapper
Target: x86_64-linux-gnu
Configured with: ../src/configure -v --with-pkgversion='Ubuntu 5.4.0-6ubuntu1~16.04.4' --with-bugurl=file:///usr/share/doc/gcc-5/README.Bugs --enable-languages=c,ada,c++,java,go,d,fortran,objc,obj-c++ --prefix=/usr --program-suffix=-5 --enable-shared --enable-linker-build-id --libexecdir=/usr/lib --without-included-gettext --enable-threads=posix --libdir=/usr/lib --enable-nls --with-sysroot=/ --enable-clocale=gnu --enable-libstdcxx-debug --enable-libstdcxx-time=yes --with-default-libstdcxx-abi=new --enable-gnu-unique-object --disable-vtable-verify --enable-libmpx --enable-plugin --with-system-zlib --disable-browser-plugin --enable-java-awt=gtk --enable-gtk-cairo --with-java-home=/usr/lib/jvm/java-1.5.0-gcj-5-amd64/jre --enable-java-home --with-jvm-root-dir=/usr/lib/jvm/java-1.5.0-gcj-5-amd64 --with-jvm-jar-dir=/usr/lib/jvm-exports/java-1.5.0-gcj-5-amd64 --with-arch-directory=amd64 --with-ecj-jar=/usr/share/java/eclipse-ecj.jar --enable-objc-gc --enable-multiarch --disable-werror --with-arch-32=i686 --with-abi=m64 --with-multilib-list=m32,m64,mx32 --enable-multilib --with-tune=generic --enable-checking=release --build=x86_64-linux-gnu --host=x86_64-linux-gnu --target=x86_64-linux-gnu
Thread model: posix
gcc version 5.4.0 20160609 (Ubuntu 5.4.0-6ubuntu1~16.04.4) 
configure:3060: $? = 0
configure:3049: g++ -V >&5
g++: error: unrecognized command line option '-V'
g++: fatal error: no input files
compilation terminated.
configure:3060: $? = 1
configure:3049: g++ -qversion >&5
g++: error: unrecognized command line option '-qversion'
g++: fatal error: no input files
compilation terminated.
configure:3060: $? = 1
configure:3080: checking whether the C++ compiler works
configure:3102: g++    conftest.cpp  >&5
configure:3106: $? = 0
configure:3154: result: yes
configure:3157: checking for C++ compiler default output file name
configure:3159: result: a.out
configure:3165: checking for suffix of executables
configure:3172: g++ -o conftest    conftest.cpp  >&5
configure:3176: $? = 0
configure:3198: result: 
configure:3220: checking whether we are cross compiling
configure:3228: g++ -o conftest    conftest.cpp  >&5
configure:3232: $? = 0
configure:3239: ./conftest
configure:3243: $? = 0
configure:3258: result: no
configure:3263: checking for suffix of object files
configure:3285: g++ -c   conftest.cpp >&5
configure:3289: $? = 0
configure:3310: result: o
configure:3314: checking whether we are using the GNU C++ compiler
configure:3333: g++ -c   conftest.cpp >&5
configure:3333: $? = 0
configure:3342: result: yes
configure:3351: checking whether g++ accepts -g
configure:3371: g++ -c -g  conftest.cpp >&5
configure:3371: $? = 0
configure:3412: result: yes
configure:3446: checking for style of include used by make
configure:3474: result: GNU
configure:3500: checking dependency style of g++
configure:3611: result: gcc3
configure:3678: checking for gcc
configure:3694: found /usr/bin/gcc
configure:3705: result: gcc
configure:3934: checking for C compiler version
configure:3943: gcc --version >&5
gcc (Ubuntu 5.4.0-6ubuntu1~16.04.4) 5.4.0 20160609
Copyright (C) 2015 Free Software Foundation, Inc.
This is free software; see the source for copying conditions.  There is NO
warranty; not even for MERCHANTABILITY or FITNESS FOR A PARTICULAR PURPOSE.

configure:3954: $? = 0
configure:3943: gcc -v >&5
Using built-in specs.
COLLECT_GCC=gcc
COLLECT_LTO_WRAPPER=/usr/lib/gcc/x86_64-linux-gnu/5/lto-wrapper
Target: x86_64-linux-gnu
Configured with: ../src/configure -v --with-pkgversion='Ubuntu 5.4.0-6ubuntu1~16.04.4' --with-bugurl=file:///usr/share/doc/gcc-5/README.Bugs --enable-languages=c,ada,c++,java,go,d,fortran,objc,obj-c++ --prefix=/usr --program-suffix=-5 --enable-shared --enable-linker-build-id --libexecdir=/usr/lib --without-included-gettext --enable-threads=posix --libdir=/usr/lib --enable-nls --with-sysroot=/ --enable-clocale=gnu --enable-libstdcxx-debug --enable-libstdcxx-time=yes --with-default-libstdcxx-abi=new --enable-gnu-unique-object --disable-vtable-verify --enable-libmpx --enable-plugin --with-system-zlib --disable-browser-plugin --enable-java-awt=gtk --enable-gtk-cairo --with-java-home=/usr/lib/jvm/java-1.5.0-gcj-5-amd64/jre --enable-java-home --with-jvm-root-dir=/usr/lib/jvm/java-1.5.0-gcj-5-amd64 --with-jvm-jar-dir=/usr/lib/jvm-exports/java-1.5.0-gcj-5-amd64 --with-arch-directory=amd64 --with-ecj-jar=/usr/share/java/eclipse-ecj.jar --enable-objc-gc --enable-multiarch --disable-werror --with-arch-32=i686 --with-abi=m64 --with-multilib-list=m32,m64,mx32 --enable-multilib --with-tune=generic --enable-checking=release --build=x86_64-linux-gnu --host=x86_64-linux-gnu --target=x86_64-linux-gnu
Thread model: posix
gcc version 5.4.0 20160609 (Ubuntu 5.4.0-6ubuntu1~16.04.4) 
configure:3954: $? = 0
configure:3943: gcc -V >&5
gcc: error: unrecognized command line option '-V'
gcc: fatal error: no input files
compilation terminated.
configure:3954: $? = 1
configure:3943: gcc -qversion >&5
gcc: error: unrecognized command line option '-qversion'
gcc: fatal error: no input files
compilation terminated.
configure:3954: $? = 1
configure:3958: checking whether we are using the GNU C compiler
configure:3977: gcc -c   conftest.c >&5
configure:3977: $? = 0
configure:3986: result: yes
configure:3995: checking whether gcc accepts -g
configure:4015: gcc -c -g  conftest.c >&5
configure:4015: $? = 0
configure:4056: result: yes
configure:4073: checking for gcc option to accept ISO C89
configure:4136: gcc  -c -g -O2  conftest.c >&5
configure:4136: $? = 0
configure:4149: result: none needed
configure:4174: checking whether gcc understands -c and -o together
configure:4196: gcc -c conftest.c -o conftest2.o
configure:4199: $? = 0
configure:4196: gcc -c conftest.c -o conftest2.o
configure:4199: $? = 0
configure:4211: result: yes
configure:4230: checking dependency style of gcc
configure:4341: result: gcc3
configure:4357: checking for libusb_init in -lusb
configure:4382: gcc -o conftest -g -O2   conftest.c -lusb   >&5
/usr/bin/ld: cannot find -lusb
collect2: error: ld returned 1 exit status
configure:4382: $? = 1
configure: failed program was:
| /* confdefs.h */
| #define PACKAGE_NAME "dfu-util"
| #define PACKAGE_TARNAME "dfu-util"
| #define PACKAGE_VERSION "0.9"
| #define PACKAGE_STRING "dfu-util 0.9"
| #define PACKAGE_BUGREPORT "http://sourceforge.net/p/dfu-util/tickets/"
| #define PACKAGE_URL "http://dfu-util.sourceforge.net"
| #define PACKAGE "dfu-util"
| #define VERSION "0.9"
| /* end confdefs.h.  */
| 
| /* Override any GCC internal prototype to avoid an error.
|    Use char because int might match the return type of a GCC
|    builtin and then its argument prototype would still apply.  */
| #ifdef __cplusplus
| extern "C"
| #endif
| char libusb_init ();
| int
| main ()
| {
| return libusb_init ();
|   ;
|   return 0;
| }
configure:4391: result: no
configure:4458: checking for pkg-config
configure:4476: found /usr/bin/pkg-config
configure:4488: result: /usr/bin/pkg-config
configure:4513: checking pkg-config is at least version 0.9.0
configure:4516: result: yes
configure:4528: checking for USB
configure:4535: $PKG_CONFIG --exists --print-errors "libusb-1.0 >= 1.0.0"
configure:4538: $? = 0
configure:4552: $PKG_CONFIG --exists --print-errors "libusb-1.0 >= 1.0.0"
configure:4555: $? = 0
configure:4593: result: yes
configure:4610: checking how to run the C preprocessor
configure:4641: gcc -E  conftest.c
configure:4641: $? = 0
configure:4655: gcc -E  conftest.c
conftest.c:11:28: fatal error: ac_nonexistent.h: No such file or directory
compilation terminated.
configure:4655: $? = 1
configure: failed program was:
| /* confdefs.h */
| #define PACKAGE_NAME "dfu-util"
| #define PACKAGE_TARNAME "dfu-util"
| #define PACKAGE_VERSION "0.9"
| #define PACKAGE_STRING "dfu-util 0.9"
| #define PACKAGE_BUGREPORT "http://sourceforge.net/p/dfu-util/tickets/"
| #define PACKAGE_URL "http://dfu-util.sourceforge.net"
| #define PACKAGE "dfu-util"
| #define VERSION "0.9"
| /* end confdefs.h.  */
| #include <ac_nonexistent.h>
configure:4680: result: gcc -E
configure:4700: gcc -E  conftest.c
configure:4700: $? = 0
configure:4714: gcc -E  conftest.c
conftest.c:11:28: fatal error: ac_nonexistent.h: No such file or directory
compilation terminated.
configure:4714: $? = 1
configure: failed program was:
| /* confdefs.h */
| #define PACKAGE_NAME "dfu-util"
| #define PACKAGE_TARNAME "dfu-util"
| #define PACKAGE_VERSION "0.9"
| #define PACKAGE_STRING "dfu-util 0.9"
| #define PACKAGE_BUGREPORT "http://sourceforge.net/p/dfu-util/tickets/"
| #define PACKAGE_URL "http://dfu-util.sourceforge.net"
| #define PACKAGE "dfu-util"
| #define VERSION "0.9"
| /* end confdefs.h.  */
| #include <ac_nonexistent.h>
configure:4743: checking for grep that handles long lines and -e
configure:4801: result: /bin/grep
configure:4806: checking for egrep
configure:4868: result: /bin/grep -E
configure:4873: checking for ANSI C header files
configure:4893: gcc -c -g -O2 -I/usr/include/libusb-1.0  conftest.c >&5
configure:4893: $? = 0
configure:4966: gcc -o conftest -g -O2 -I/usr/include/libusb-1.0   conftest.c  -lusb-1.0 >&5
configure:4966: $? = 0
configure:4966: ./conftest
configure:4966: $? = 0
configure:4977: result: yes
configure:4990: checking for sys/types.h
configure:4990: gcc -c -g -O2 -I/usr/include/libusb-1.0  conftest.c >&5
configure:4990: $? = 0
configure:4990: result: yes
configure:4990: checking for sys/stat.h
configure:4990: gcc -c -g -O2 -I/usr/include/libusb-1.0  conftest.c >&5
configure:4990: $? = 0
configure:4990: result: yes
configure:4990: checking for stdlib.h
configure:4990: gcc -c -g -O2 -I/usr/include/libusb-1.0  conftest.c >&5
configure:4990: $? = 0
configure:4990: result: yes
configure:4990: checking for string.h
configure:4990: gcc -c -g -O2 -I/usr/include/libusb-1.0  conftest.c >&5
configure:4990: $? = 0
configure:4990: result: yes
configure:4990: checking for memory.h
configure:4990: gcc -c -g -O2 -I/usr/include/libusb-1.0  conftest.c >&5
configure:4990: $? = 0
configure:4990: result: yes
configure:4990: checking for strings.h
configure:4990: gcc -c -g -O2 -I/usr/include/libusb-1.0  conftest.c >&5
configure:4990: $? = 0
configure:4990: result: yes
configure:4990: checking for inttypes.h
configure:4990: gcc -c -g -O2 -I/usr/include/libusb-1.0  conftest.c >&5
configure:4990: $? = 0
configure:4990: result: yes
configure:4990: checking for stdint.h
configure:4990: gcc -c -g -O2 -I/usr/include/libusb-1.0  conftest.c >&5
configure:4990: $? = 0
configure:4990: result: yes
configure:4990: checking for unistd.h
configure:4990: gcc -c -g -O2 -I/usr/include/libusb-1.0  conftest.c >&5
configure:4990: $? = 0
configure:4990: result: yes
configure:5005: checking windows.h usability
configure:5005: gcc -c -g -O2 -I/usr/include/libusb-1.0  conftest.c >&5
conftest.c:54:21: fatal error: windows.h: No such file or directory
compilation terminated.
configure:5005: $? = 1
configure: failed program was:
| /* confdefs.h */
| #define PACKAGE_NAME "dfu-util"
| #define PACKAGE_TARNAME "dfu-util"
| #define PACKAGE_VERSION "0.9"
| #define PACKAGE_STRING "dfu-util 0.9"
| #define PACKAGE_BUGREPORT "http://sourceforge.net/p/dfu-util/tickets/"
| #define PACKAGE_URL "http://dfu-util.sourceforge.net"
| #define PACKAGE "dfu-util"
| #define VERSION "0.9"
| #define STDC_HEADERS 1
| #define HAVE_SYS_TYPES_H 1
| #define HAVE_SYS_STAT_H 1
| #define HAVE_STDLIB_H 1
| #define HAVE_STRING_H 1
| #define HAVE_MEMORY_H 1
| #define HAVE_STRINGS_H 1
| #define HAVE_INTTYPES_H 1
| #define HAVE_STDINT_H 1
| #define HAVE_UNISTD_H 1
| /* end confdefs.h.  */
| #include <stdio.h>
| #ifdef HAVE_SYS_TYPES_H
| # include <sys/types.h>
| #endif
| #ifdef HAVE_SYS_STAT_H
| # include <sys/stat.h>
| #endif
| #ifdef STDC_HEADERS
| # include <stdlib.h>
| # include <stddef.h>
| #else
| # ifdef HAVE_STDLIB_H
| #  include <stdlib.h>
| # endif
| #endif
| #ifdef HAVE_STRING_H
| # if !defined STDC_HEADERS && defined HAVE_MEMORY_H
| #  include <memory.h>
| # endif
| # include <string.h>
| #endif
| #ifdef HAVE_STRINGS_H
| # include <strings.h>
| #endif
| #ifdef HAVE_INTTYPES_H
| # include <inttypes.h>
| #endif
| #ifdef HAVE_STDINT_H
| # include <stdint.h>
| #endif
| #ifdef HAVE_UNISTD_H
| # include <unistd.h>
| #endif
| #include <windows.h>
configure:5005: result: no
configure:5005: checking windows.h presence
configure:5005: gcc -E  conftest.c
conftest.c:21:21: fatal error: windows.h: No such file or directory
compilation terminated.
configure:5005: $? = 1
configure: failed program was:
| /* confdefs.h */
| #define PACKAGE_NAME "dfu-util"
| #define PACKAGE_TARNAME "dfu-util"
| #define PACKAGE_VERSION "0.9"
| #define PACKAGE_STRING "dfu-util 0.9"
| #define PACKAGE_BUGREPORT "http://sourceforge.net/p/dfu-util/tickets/"
| #define PACKAGE_URL "http://dfu-util.sourceforge.net"
| #define PACKAGE "dfu-util"
| #define VERSION "0.9"
| #define STDC_HEADERS 1
| #define HAVE_SYS_TYPES_H 1
| #define HAVE_SYS_STAT_H 1
| #define HAVE_STDLIB_H 1
| #define HAVE_STRING_H 1
| #define HAVE_MEMORY_H 1
| #define HAVE_STRINGS_H 1
| #define HAVE_INTTYPES_H 1
| #define HAVE_STDINT_H 1
| #define HAVE_UNISTD_H 1
| /* end confdefs.h.  */
| #include <windows.h>
configure:5005: result: no
configure:5005: checking for windows.h
configure:5005: result: no
configure:5005: checking sysexits.h usability
configure:5005: gcc -c -g -O2 -I/usr/include/libusb-1.0  conftest.c >&5
configure:5005: $? = 0
configure:5005: result: yes
configure:5005: checking sysexits.h presence
configure:5005: gcc -E  conftest.c
configure:5005: $? = 0
configure:5005: result: yes
configure:5005: checking for sysexits.h
configure:5005: result: yes
configure:5005: checking for unistd.h
configure:5005: result: yes
configure:5018: checking for size_t
configure:5018: gcc -c -g -O2 -I/usr/include/libusb-1.0  conftest.c >&5
configure:5018: $? = 0
configure:5018: gcc -c -g -O2 -I/usr/include/libusb-1.0  conftest.c >&5
conftest.c: In function 'main':
conftest.c:59:21: error: expected expression before ')' token
 if (sizeof ((size_t)))
                     ^
configure:5018: $? = 1
configure: failed program was:
| /* confdefs.h */
| #define PACKAGE_NAME "dfu-util"
| #define PACKAGE_TARNAME "dfu-util"
| #define PACKAGE_VERSION "0.9"
| #define PACKAGE_STRING "dfu-util 0.9"
| #define PACKAGE_BUGREPORT "http://sourceforge.net/p/dfu-util/tickets/"
| #define PACKAGE_URL "http://dfu-util.sourceforge.net"
| #define PACKAGE "dfu-util"
| #define VERSION "0.9"
| #define STDC_HEADERS 1
| #define HAVE_SYS_TYPES_H 1
| #define HAVE_SYS_STAT_H 1
| #define HAVE_STDLIB_H 1
| #define HAVE_STRING_H 1
| #define HAVE_MEMORY_H 1
| #define HAVE_STRINGS_H 1
| #define HAVE_INTTYPES_H 1
| #define HAVE_STDINT_H 1
| #define HAVE_UNISTD_H 1
| #define HAVE_SYSEXITS_H 1
| #define HAVE_UNISTD_H 1
| /* end confdefs.h.  */
| #include <stdio.h>
| #ifdef HAVE_SYS_TYPES_H
| # include <sys/types.h>
| #endif
| #ifdef HAVE_SYS_STAT_H
| # include <sys/stat.h>
| #endif
| #ifdef STDC_HEADERS
| # include <stdlib.h>
| # include <stddef.h>
| #else
| # ifdef HAVE_STDLIB_H
| #  include <stdlib.h>
| # endif
| #endif
| #ifdef HAVE_STRING_H
| # if !defined STDC_HEADERS && defined HAVE_MEMORY_H
| #  include <memory.h>
| # endif
| # include <string.h>
| #endif
| #ifdef HAVE_STRINGS_H
| # include <strings.h>
| #endif
| #ifdef HAVE_INTTYPES_H
| # include <inttypes.h>
| #endif
| #ifdef HAVE_STDINT_H
| # include <stdint.h>
| #endif
| #ifdef HAVE_UNISTD_H
| # include <unistd.h>
| #endif
| int
| main ()
| {
| if (sizeof ((size_t)))
| 	    return 0;
|   ;
|   return 0;
| }
configure:5018: result: yes
configure:5031: checking for working memcmp
configure:5074: gcc -o conftest -g -O2 -I/usr/include/libusb-1.0   conftest.c  -lusb-1.0 >&5
configure:5074: $? = 0
configure:5074: ./conftest
configure:5074: $? = 0
configure:5084: result: yes
configure:5096: checking for getpagesize
configure:5096: gcc -o conftest -g -O2 -I/usr/include/libusb-1.0   conftest.c  -lusb-1.0 >&5
configure:5096: $? = 0
configure:5096: result: yes
configure:5096: checking for nanosleep
configure:5096: gcc -o conftest -g -O2 -I/usr/include/libusb-1.0   conftest.c  -lusb-1.0 >&5
configure:5096: $? = 0
configure:5096: result: yes
configure:5096: checking for err
configure:5096: gcc -o conftest -g -O2 -I/usr/include/libusb-1.0   conftest.c  -lusb-1.0 >&5
configure:5096: $? = 0
configure:5096: result: yes
configure:5217: checking that generated files are newer than configure
configure:5223: result: done
configure:5250: creating ./config.status

## ---------------------- ##
## Running config.status. ##
## ---------------------- ##

This file was extended by dfu-util config.status 0.9, which was
generated by GNU Autoconf 2.69.  Invocation command line was

  CONFIG_FILES    = 
  CONFIG_HEADERS  = 
  CONFIG_LINKS    = 
  CONFIG_COMMANDS = 
  $ ./config.status 

on ares

config.status:871: creating Makefile
config.status:871: creating src/Makefile
config.status:871: creating config.h
config.status:1052: config.h is unchanged
config.status:1100: executing depfiles commands

## ---------------- ##
## Cache variables. ##
## ---------------- ##

ac_cv_c_compiler_gnu=yes
ac_cv_cxx_compiler_gnu=yes
ac_cv_env_CCC_set=
ac_cv_env_CCC_value=
ac_cv_env_CC_set=
ac_cv_env_CC_value=
ac_cv_env_CFLAGS_set=
ac_cv_env_CFLAGS_value=
ac_cv_env_CPPFLAGS_set=
ac_cv_env_CPPFLAGS_value=
ac_cv_env_CPP_set=
ac_cv_env_CPP_value=
ac_cv_env_CXXFLAGS_set=
ac_cv_env_CXXFLAGS_value=
ac_cv_env_CXX_set=
ac_cv_env_CXX_value=
ac_cv_env_LDFLAGS_set=
ac_cv_env_LDFLAGS_value=
ac_cv_env_LIBS_set=
ac_cv_env_LIBS_value=
ac_cv_env_PKG_CONFIG_LIBDIR_set=
ac_cv_env_PKG_CONFIG_LIBDIR_value=
ac_cv_env_PKG_CONFIG_PATH_set=
ac_cv_env_PKG_CONFIG_PATH_value=
ac_cv_env_PKG_CONFIG_set=
ac_cv_env_PKG_CONFIG_value=
ac_cv_env_USB_CFLAGS_set=
ac_cv_env_USB_CFLAGS_value=
ac_cv_env_USB_LIBS_set=
ac_cv_env_USB_LIBS_value=
ac_cv_env_build_alias_set=
ac_cv_env_build_alias_value=
ac_cv_env_host_alias_set=
ac_cv_env_host_alias_value=
ac_cv_env_target_alias_set=
ac_cv_env_target_alias_value=
ac_cv_func_err=yes
ac_cv_func_getpagesize=yes
ac_cv_func_memcmp_working=yes
ac_cv_func_nanosleep=yes
ac_cv_header_inttypes_h=yes
ac_cv_header_memory_h=yes
ac_cv_header_stdc=yes
ac_cv_header_stdint_h=yes
ac_cv_header_stdlib_h=yes
ac_cv_header_string_h=yes
ac_cv_header_strings_h=yes
ac_cv_header_sys_stat_h=yes
ac_cv_header_sys_types_h=yes
ac_cv_header_sysexits_h=yes
ac_cv_header_unistd_h=yes
ac_cv_header_windows_h=no
ac_cv_lib_usb_libusb_init=no
ac_cv_objext=o
ac_cv_path_EGREP='/bin/grep -E'
ac_cv_path_GREP=/bin/grep
ac_cv_path_ac_pt_PKG_CONFIG=/usr/bin/pkg-config
ac_cv_path_install='/usr/bin/install -c'
ac_cv_path_mkdir=/bin/mkdir
ac_cv_prog_AWK=mawk
ac_cv_prog_CPP='gcc -E'
ac_cv_prog_ac_ct_CC=gcc
ac_cv_prog_ac_ct_CXX=g++
ac_cv_prog_cc_c89=
ac_cv_prog_cc_g=yes
ac_cv_prog_cxx_g=yes
ac_cv_prog_make_make_set=yes
ac_cv_type_size_t=yes
am_cv_CC_dependencies_compiler_type=gcc3
am_cv_CXX_dependencies_compiler_type=gcc3
am_cv_make_support_nested_variables=yes
am_cv_prog_cc_c_o=yes
pkg_cv_USB_CFLAGS=-I/usr/include/libusb-1.0
pkg_cv_USB_LIBS=-lusb-1.0

## ----------------- ##
## Output variables. ##
## ----------------- ##

ACLOCAL='${SHELL} /home/fuguru/git/tiva-dfu-prog-linux/m4/missing aclocal-1.15'
AMDEPBACKSLASH='\'
AMDEP_FALSE='#'
AMDEP_TRUE=''
AMTAR='$${TAR-tar}'
AM_BACKSLASH='\'
AM_DEFAULT_V='$(AM_DEFAULT_VERBOSITY)'
AM_DEFAULT_VERBOSITY='0'
AM_V='$(V)'
AUTOCONF='${SHELL} /home/fuguru/git/tiva-dfu-prog-linux/m4/missing autoconf'
AUTOHEADER='${SHELL} /home/fuguru/git/tiva-dfu-prog-linux/m4/missing autoheader'
AUTOMAKE='${SHELL} /home/fuguru/git/tiva-dfu-prog-linux/m4/missing automake-1.15'
AWK='mawk'
CC='gcc'
CCDEPMODE='depmode=gcc3'
CFLAGS='-g -O2 -I/usr/include/libusb-1.0'
CPP='gcc -E'
CPPFLAGS=''
CXX='g++'
CXXDEPMODE='depmode=gcc3'
CXXFLAGS='-g -O2 '
CYGPATH_W='echo'
DEFS='-DHAVE_CONFIG_H'
DEPDIR='.deps'
ECHO_C=''
ECHO_N='-n'
ECHO_T=''
EGREP='/bin/grep -E'
EXEEXT=''
GREP='/bin/grep'
INSTALL_DATA='${INSTALL} -m 644'
INSTALL_PROGRAM='${INSTALL}'
INSTALL_SCRIPT='${INSTALL}'
INSTALL_STRIP_PROGRAM='$(install_sh) -c -s'
LDFLAGS=''
LIBOBJS=''
LIBS=' -lusb-1.0'
LTLIBOBJS=''
MAKEINFO='${SHELL} /home/fuguru/git/tiva-dfu-prog-linux/m4/missing makeinfo'
MKDIR_P='/bin/mkdir -p'
OBJEXT='o'
PACKAGE='dfu-util'
PACKAGE_BUGREPORT='http://sourceforge.net/p/dfu-util/tickets/'
PACKAGE_NAME='dfu-util'
PACKAGE_STRING='dfu-util 0.9'
PACKAGE_TARNAME='dfu-util'
PACKAGE_URL='http://dfu-util.sourceforge.net'
PACKAGE_VERSION='0.9'
PATH_SEPARATOR=':'
PKG_CONFIG='/usr/bin/pkg-config'
PKG_CONFIG_LIBDIR=''
PKG_CONFIG_PATH=''
SET_MAKE=''
SHELL='/bin/bash'
STRIP=''
USB_CFLAGS='-I/usr/include/libusb-1.0'
USB_LIBS='-lusb-1.0'
VERSION='0.9'
ac_ct_CC='gcc'
ac_ct_CXX='g++'
am__EXEEXT_FALSE=''
am__EXEEXT_TRUE='#'
am__fastdepCC_FALSE='#'
am__fastdepCC_TRUE=''
am__fastdepCXX_FALSE='#'
am__fastdepCXX_TRUE=''
am__include='include'
am__isrc=''
am__leading_dot='.'
am__nodep='_no'
am__quote=''
am__tar='$${TAR-tar} chof - "$$tardir"'
am__untar='$${TAR-tar} xf -'
bindir='${exec_prefix}/bin'
build_alias=''
datadir='${datarootdir}'
datarootdir='${prefix}/share'
docdir='${datarootdir}/doc/${PACKAGE_TARNAME}'
dvidir='${docdir}'
exec_prefix='${prefix}'
host_alias=''
htmldir='${docdir}'
includedir='${prefix}/include'
infodir='${datarootdir}/info'
install_sh='${SHELL} /home/fuguru/git/tiva-dfu-prog-linux/m4/install-sh'
libdir='${exec_prefix}/lib'
libexecdir='${exec_prefix}/libexec'
localedir='${datarootdir}/locale'
localstatedir='${prefix}/var'
mandir='${datarootdir}/man'
mkdir_p='$(MKDIR_P)'
oldincludedir='/usr/include'
pdfdir='${docdir}'
prefix='/usr/local'
program_transform_name='s,x,x,'
psdir='${docdir}'
runstatedir='${localstatedir}/run'
sbindir='${exec_prefix}/sbin'
sharedstatedir='${prefix}/com'
sysconfdir='${prefix}/etc'
target_alias=''

## ----------- ##
## confdefs.h. ##
## ----------- ##

/* confdefs.h */
#define PACKAGE_NAME "dfu-util"
#define PACKAGE_TARNAME "dfu-util"
#define PACKAGE_VERSION "0.9"
#define PACKAGE_STRING "dfu-util 0.9"
#define PACKAGE_BUGREPORT "http://sourceforge.net/p/dfu-util/tickets/"
#define PACKAGE_URL "http://dfu-util.sourceforge.net"
#define PACKAGE "dfu-util"
#define VERSION "0.9"
#define STDC_HEADERS 1
#define HAVE_SYS_TYPES_H 1
#define HAVE_SYS_STAT_H 1
#define HAVE_STDLIB_H 1
#define HAVE_STRING_H 1
#define HAVE_MEMORY_H 1
#define HAVE_STRINGS_H 1
#define HAVE_INTTYPES_H 1
#define HAVE_STDINT_H 1
#define HAVE_UNISTD_H 1
#define HAVE_SYSEXITS_H 1
#define HAVE_UNISTD_H 1
#define HAVE_GETPAGESIZE 1
#define HAVE_NANOSLEEP 1
#define HAVE_ERR 1

configure: exit 0

## ---------------------- ##
## Running config.status. ##
## ---------------------- ##

This file was extended by dfu-util config.status 0.9, which was
generated by GNU Autoconf 2.69.  Invocation command line was

  CONFIG_FILES    = 
  CONFIG_HEADERS  = 
  CONFIG_LINKS    = 
  CONFIG_COMMANDS = 
  $ ./config.status src/Makefile depfiles

on ares

config.status:871: creating src/Makefile
config.status:1100: executing depfiles commands
